2014/08/10 23:03:07 [error] [php] include(TbArray.php) [<a href='function.include'>function.include</a>]: failed to open stream: No such file or directory (D:\open\OpenServer\domains\yii-framework\framework\YiiBase.php:427)
Stack trace:
#0 D:\open\OpenServer\domains\training-program\protected\extensions\bootstrap\helpers\TbHtml.php(3561): spl_autoload_call()
#1 D:\open\OpenServer\domains\training-program\protected\views\layouts\main.php(27): heroUnit()
#2 D:\open\OpenServer\domains\yii-framework\framework\web\CBaseController.php(126): require()
#3 D:\open\OpenServer\domains\yii-framework\framework\web\CBaseController.php(95): SiteController->renderInternal()
#4 D:\open\OpenServer\domains\yii-framework\framework\web\widgets\CContentDecorator.php(76): SiteController->renderFile()
#5 D:\open\OpenServer\domains\yii-framework\framework\web\widgets\CContentDecorator.php(54): CContentDecorator->decorate()
#6 D:\open\OpenServer\domains\yii-framework\framework\web\widgets\COutputProcessor.php(44): CContentDecorator->processOutput()
#7 D:\open\OpenServer\domains\yii-framework\framework\web\CBaseController.php(206): CContentDecorator->run()
#8 D:\open\OpenServer\domains\yii-framework\framework\web\CBaseController.php(300): SiteController->endWidget()
#9 D:\open\OpenServer\domains\training-program\protected\views\layouts\column1.php(6): SiteController->endContent()
#10 D:\open\OpenServer\domains\yii-framework\framework\web\CBaseController.php(126): require()
#11 D:\open\OpenServer\domains\yii-framework\framework\web\CBaseController.php(95): SiteController->renderInternal()
#12 D:\open\OpenServer\domains\yii-framework\framework\web\CController.php(784): SiteController->renderFile()
#13 D:\open\OpenServer\domains\training-program\protected\controllers\SiteController.php(32): SiteController->render()
#14 D:\open\OpenServer\domains\yii-framework\framework\web\actions\CInlineAction.php(49): SiteController->actionIndex()
#15 D:\open\OpenServer\domains\yii-framework\framework\web\CController.php(308): CInlineAction->runWithParams()
#16 D:\open\OpenServer\domains\yii-framework\framework\web\CController.php(286): SiteController->runAction()
#17 D:\open\OpenServer\domains\yii-framework\framework\web\CController.php(265): SiteController->runActionWithFilters()
#18 D:\open\OpenServer\domains\yii-framework\framework\web\CWebApplication.php(282): SiteController->run()
#19 D:\open\OpenServer\domains\yii-framework\framework\web\CWebApplication.php(141): CWebApplication->runController()
#20 D:\open\OpenServer\domains\yii-framework\framework\base\CApplication.php(180): CWebApplication->processRequest()
#21 D:\open\OpenServer\domains\training-program\index.php(13): CWebApplication->run()
REQUEST_URI=/index.php?r=site/index
in D:\open\OpenServer\domains\training-program\protected\extensions\bootstrap\helpers\TbHtml.php (3561)
in D:\open\OpenServer\domains\training-program\protected\views\layouts\main.php (27)
in D:\open\OpenServer\domains\training-program\protected\views\layouts\column1.php (6)
2014/08/10 23:03:13 [error] [php] include(TbArray.php) [<a href='function.include'>function.include</a>]: failed to open stream: No such file or directory (D:\open\OpenServer\domains\yii-framework\framework\YiiBase.php:427)
Stack trace:
#0 D:\open\OpenServer\domains\training-program\protected\extensions\bootstrap\helpers\TbHtml.php(3561): spl_autoload_call()
#1 D:\open\OpenServer\domains\training-program\protected\views\layouts\main.php(27): heroUnit()
#2 D:\open\OpenServer\domains\yii-framework\framework\web\CBaseController.php(126): require()
#3 D:\open\OpenServer\domains\yii-framework\framework\web\CBaseController.php(95): SiteController->renderInternal()
#4 D:\open\OpenServer\domains\yii-framework\framework\web\widgets\CContentDecorator.php(76): SiteController->renderFile()
#5 D:\open\OpenServer\domains\yii-framework\framework\web\widgets\CContentDecorator.php(54): CContentDecorator->decorate()
#6 D:\open\OpenServer\domains\yii-framework\framework\web\widgets\COutputProcessor.php(44): CContentDecorator->processOutput()
#7 D:\open\OpenServer\domains\yii-framework\framework\web\CBaseController.php(206): CContentDecorator->run()
#8 D:\open\OpenServer\domains\yii-framework\framework\web\CBaseController.php(300): SiteController->endWidget()
#9 D:\open\OpenServer\domains\training-program\protected\views\layouts\column1.php(6): SiteController->endContent()
#10 D:\open\OpenServer\domains\yii-framework\framework\web\CBaseController.php(126): require()
#11 D:\open\OpenServer\domains\yii-framework\framework\web\CBaseController.php(95): SiteController->renderInternal()
#12 D:\open\OpenServer\domains\yii-framework\framework\web\CController.php(784): SiteController->renderFile()
#13 D:\open\OpenServer\domains\training-program\protected\controllers\SiteController.php(72): SiteController->render()
#14 D:\open\OpenServer\domains\yii-framework\framework\web\actions\CInlineAction.php(49): SiteController->actionContact()
#15 D:\open\OpenServer\domains\yii-framework\framework\web\CController.php(308): CInlineAction->runWithParams()
#16 D:\open\OpenServer\domains\yii-framework\framework\web\CController.php(286): SiteController->runAction()
#17 D:\open\OpenServer\domains\yii-framework\framework\web\CController.php(265): SiteController->runActionWithFilters()
#18 D:\open\OpenServer\domains\yii-framework\framework\web\CWebApplication.php(282): SiteController->run()
#19 D:\open\OpenServer\domains\yii-framework\framework\web\CWebApplication.php(141): CWebApplication->runController()
#20 D:\open\OpenServer\domains\yii-framework\framework\base\CApplication.php(180): CWebApplication->processRequest()
#21 D:\open\OpenServer\domains\training-program\index.php(13): CWebApplication->run()
REQUEST_URI=/index.php?r=site/contact
in D:\open\OpenServer\domains\training-program\protected\extensions\bootstrap\helpers\TbHtml.php (3561)
in D:\open\OpenServer\domains\training-program\protected\views\layouts\main.php (27)
in D:\open\OpenServer\domains\training-program\protected\views\layouts\column1.php (6)
2014/08/10 23:03:32 [error] [php] include(TbArray.php) [<a href='function.include'>function.include</a>]: failed to open stream: No such file or directory (D:\open\OpenServer\domains\yii-framework\framework\YiiBase.php:427)
Stack trace:
#0 D:\open\OpenServer\domains\training-program\protected\extensions\bootstrap\helpers\TbHtml.php(3561): spl_autoload_call()
#1 D:\open\OpenServer\domains\training-program\protected\views\layouts\main.php(27): heroUnit()
#2 D:\open\OpenServer\domains\yii-framework\framework\web\CBaseController.php(126): require()
#3 D:\open\OpenServer\domains\yii-framework\framework\web\CBaseController.php(95): SiteController->renderInternal()
#4 D:\open\OpenServer\domains\yii-framework\framework\web\widgets\CContentDecorator.php(76): SiteController->renderFile()
#5 D:\open\OpenServer\domains\yii-framework\framework\web\widgets\CContentDecorator.php(54): CContentDecorator->decorate()
#6 D:\open\OpenServer\domains\yii-framework\framework\web\widgets\COutputProcessor.php(44): CContentDecorator->processOutput()
#7 D:\open\OpenServer\domains\yii-framework\framework\web\CBaseController.php(206): CContentDecorator->run()
#8 D:\open\OpenServer\domains\yii-framework\framework\web\CBaseController.php(300): SiteController->endWidget()
#9 D:\open\OpenServer\domains\training-program\protected\views\layouts\column1.php(6): SiteController->endContent()
#10 D:\open\OpenServer\domains\yii-framework\framework\web\CBaseController.php(126): require()
#11 D:\open\OpenServer\domains\yii-framework\framework\web\CBaseController.php(95): SiteController->renderInternal()
#12 D:\open\OpenServer\domains\yii-framework\framework\web\CController.php(784): SiteController->renderFile()
#13 D:\open\OpenServer\domains\training-program\protected\controllers\SiteController.php(72): SiteController->render()
#14 D:\open\OpenServer\domains\yii-framework\framework\web\actions\CInlineAction.php(49): SiteController->actionContact()
#15 D:\open\OpenServer\domains\yii-framework\framework\web\CController.php(308): CInlineAction->runWithParams()
#16 D:\open\OpenServer\domains\yii-framework\framework\web\CController.php(286): SiteController->runAction()
#17 D:\open\OpenServer\domains\yii-framework\framework\web\CController.php(265): SiteController->runActionWithFilters()
#18 D:\open\OpenServer\domains\yii-framework\framework\web\CWebApplication.php(282): SiteController->run()
#19 D:\open\OpenServer\domains\yii-framework\framework\web\CWebApplication.php(141): CWebApplication->runController()
#20 D:\open\OpenServer\domains\yii-framework\framework\base\CApplication.php(180): CWebApplication->processRequest()
#21 D:\open\OpenServer\domains\training-program\index.php(13): CWebApplication->run()
REQUEST_URI=/index.php?r=site/contact
in D:\open\OpenServer\domains\training-program\protected\extensions\bootstrap\helpers\TbHtml.php (3561)
in D:\open\OpenServer\domains\training-program\protected\views\layouts\main.php (27)
in D:\open\OpenServer\domains\training-program\protected\views\layouts\column1.php (6)
2014/08/10 23:03:35 [error] [php] include(TbArray.php) [<a href='function.include'>function.include</a>]: failed to open stream: No such file or directory (D:\open\OpenServer\domains\yii-framework\framework\YiiBase.php:427)
Stack trace:
#0 D:\open\OpenServer\domains\training-program\protected\extensions\bootstrap\helpers\TbHtml.php(3561): spl_autoload_call()
#1 D:\open\OpenServer\domains\training-program\protected\views\layouts\main.php(27): heroUnit()
#2 D:\open\OpenServer\domains\yii-framework\framework\web\CBaseController.php(126): require()
#3 D:\open\OpenServer\domains\yii-framework\framework\web\CBaseController.php(95): SiteController->renderInternal()
#4 D:\open\OpenServer\domains\yii-framework\framework\web\widgets\CContentDecorator.php(76): SiteController->renderFile()
#5 D:\open\OpenServer\domains\yii-framework\framework\web\widgets\CContentDecorator.php(54): CContentDecorator->decorate()
#6 D:\open\OpenServer\domains\yii-framework\framework\web\widgets\COutputProcessor.php(44): CContentDecorator->processOutput()
#7 D:\open\OpenServer\domains\yii-framework\framework\web\CBaseController.php(206): CContentDecorator->run()
#8 D:\open\OpenServer\domains\yii-framework\framework\web\CBaseController.php(300): SiteController->endWidget()
#9 D:\open\OpenServer\domains\training-program\protected\views\layouts\column1.php(6): SiteController->endContent()
#10 D:\open\OpenServer\domains\yii-framework\framework\web\CBaseController.php(126): require()
#11 D:\open\OpenServer\domains\yii-framework\framework\web\CBaseController.php(95): SiteController->renderInternal()
#12 D:\open\OpenServer\domains\yii-framework\framework\web\CController.php(784): SiteController->renderFile()
#13 D:\open\OpenServer\domains\training-program\protected\controllers\SiteController.php(32): SiteController->render()
#14 D:\open\OpenServer\domains\yii-framework\framework\web\actions\CInlineAction.php(49): SiteController->actionIndex()
#15 D:\open\OpenServer\domains\yii-framework\framework\web\CController.php(308): CInlineAction->runWithParams()
#16 D:\open\OpenServer\domains\yii-framework\framework\web\CController.php(286): SiteController->runAction()
#17 D:\open\OpenServer\domains\yii-framework\framework\web\CController.php(265): SiteController->runActionWithFilters()
#18 D:\open\OpenServer\domains\yii-framework\framework\web\CWebApplication.php(282): SiteController->run()
#19 D:\open\OpenServer\domains\yii-framework\framework\web\CWebApplication.php(141): CWebApplication->runController()
#20 D:\open\OpenServer\domains\yii-framework\framework\base\CApplication.php(180): CWebApplication->processRequest()
#21 D:\open\OpenServer\domains\training-program\index.php(13): CWebApplication->run()
REQUEST_URI=/index.php?
in D:\open\OpenServer\domains\training-program\protected\extensions\bootstrap\helpers\TbHtml.php (3561)
in D:\open\OpenServer\domains\training-program\protected\views\layouts\main.php (27)
in D:\open\OpenServer\domains\training-program\protected\views\layouts\column1.php (6)
2014/08/10 23:05:38 [error] [php] include(TbArray.php) [<a href='function.include'>function.include</a>]: failed to open stream: No such file or directory (D:\open\OpenServer\domains\yii-framework\framework\YiiBase.php:427)
Stack trace:
#0 D:\open\OpenServer\domains\training-program\protected\extensions\bootstrap\helpers\TbHtml.php(3561): spl_autoload_call()
#1 D:\open\OpenServer\domains\training-program\protected\views\layouts\main.php(27): heroUnit()
#2 D:\open\OpenServer\domains\yii-framework\framework\web\CBaseController.php(126): require()
#3 D:\open\OpenServer\domains\yii-framework\framework\web\CBaseController.php(95): SiteController->renderInternal()
#4 D:\open\OpenServer\domains\yii-framework\framework\web\widgets\CContentDecorator.php(76): SiteController->renderFile()
#5 D:\open\OpenServer\domains\yii-framework\framework\web\widgets\CContentDecorator.php(54): CContentDecorator->decorate()
#6 D:\open\OpenServer\domains\yii-framework\framework\web\widgets\COutputProcessor.php(44): CContentDecorator->processOutput()
#7 D:\open\OpenServer\domains\yii-framework\framework\web\CBaseController.php(206): CContentDecorator->run()
#8 D:\open\OpenServer\domains\yii-framework\framework\web\CBaseController.php(300): SiteController->endWidget()
#9 D:\open\OpenServer\domains\training-program\protected\views\layouts\column1.php(6): SiteController->endContent()
#10 D:\open\OpenServer\domains\yii-framework\framework\web\CBaseController.php(126): require()
#11 D:\open\OpenServer\domains\yii-framework\framework\web\CBaseController.php(95): SiteController->renderInternal()
#12 D:\open\OpenServer\domains\yii-framework\framework\web\CController.php(784): SiteController->renderFile()
#13 D:\open\OpenServer\domains\training-program\protected\controllers\SiteController.php(32): SiteController->render()
#14 D:\open\OpenServer\domains\yii-framework\framework\web\actions\CInlineAction.php(49): SiteController->actionIndex()
#15 D:\open\OpenServer\domains\yii-framework\framework\web\CController.php(308): CInlineAction->runWithParams()
#16 D:\open\OpenServer\domains\yii-framework\framework\web\CController.php(286): SiteController->runAction()
#17 D:\open\OpenServer\domains\yii-framework\framework\web\CController.php(265): SiteController->runActionWithFilters()
#18 D:\open\OpenServer\domains\yii-framework\framework\web\CWebApplication.php(282): SiteController->run()
#19 D:\open\OpenServer\domains\yii-framework\framework\web\CWebApplication.php(141): CWebApplication->runController()
#20 D:\open\OpenServer\domains\yii-framework\framework\base\CApplication.php(180): CWebApplication->processRequest()
#21 D:\open\OpenServer\domains\training-program\index.php(13): CWebApplication->run()
REQUEST_URI=/index.php?
in D:\open\OpenServer\domains\training-program\protected\extensions\bootstrap\helpers\TbHtml.php (3561)
in D:\open\OpenServer\domains\training-program\protected\views\layouts\main.php (27)
in D:\open\OpenServer\domains\training-program\protected\views\layouts\column1.php (6)
2014/08/10 23:06:21 [error] [exception.CHttpException.404] exception 'CHttpException' with message 'Unable to resolve the request "admin/cExercises".' in D:\open\OpenServer\domains\yii-framework\framework\web\CWebApplication.php:286
Stack trace:
#0 D:\open\OpenServer\domains\yii-framework\framework\web\CWebApplication.php(141): CWebApplication->runController('admin/cExercise...')
#1 D:\open\OpenServer\domains\yii-framework\framework\base\CApplication.php(180): CWebApplication->processRequest()
#2 D:\open\OpenServer\domains\training-program\index.php(13): CApplication->run()
#3 {main}
REQUEST_URI=/index.php?r=admin/cExercises
HTTP_REFERER=http://training-program/index.php?r=gii/crud/index
---
2014/08/10 23:06:24 [error] [php] include(TbArray.php) [<a href='function.include'>function.include</a>]: failed to open stream: No such file or directory (D:\open\OpenServer\domains\yii-framework\framework\YiiBase.php:427)
Stack trace:
#0 D:\open\OpenServer\domains\training-program\protected\extensions\bootstrap\helpers\TbHtml.php(3561): spl_autoload_call()
#1 D:\open\OpenServer\domains\training-program\protected\views\layouts\main.php(27): heroUnit()
#2 D:\open\OpenServer\domains\yii-framework\framework\web\CBaseController.php(126): require()
#3 D:\open\OpenServer\domains\yii-framework\framework\web\CBaseController.php(95): SiteController->renderInternal()
#4 D:\open\OpenServer\domains\yii-framework\framework\web\widgets\CContentDecorator.php(76): SiteController->renderFile()
#5 D:\open\OpenServer\domains\yii-framework\framework\web\widgets\CContentDecorator.php(54): CContentDecorator->decorate()
#6 D:\open\OpenServer\domains\yii-framework\framework\web\widgets\COutputProcessor.php(44): CContentDecorator->processOutput()
#7 D:\open\OpenServer\domains\yii-framework\framework\web\CBaseController.php(206): CContentDecorator->run()
#8 D:\open\OpenServer\domains\yii-framework\framework\web\CBaseController.php(300): SiteController->endWidget()
#9 D:\open\OpenServer\domains\training-program\protected\views\layouts\column1.php(6): SiteController->endContent()
#10 D:\open\OpenServer\domains\yii-framework\framework\web\CBaseController.php(126): require()
#11 D:\open\OpenServer\domains\yii-framework\framework\web\CBaseController.php(95): SiteController->renderInternal()
#12 D:\open\OpenServer\domains\yii-framework\framework\web\CController.php(784): SiteController->renderFile()
#13 D:\open\OpenServer\domains\training-program\protected\controllers\SiteController.php(32): SiteController->render()
#14 D:\open\OpenServer\domains\yii-framework\framework\web\actions\CInlineAction.php(49): SiteController->actionIndex()
#15 D:\open\OpenServer\domains\yii-framework\framework\web\CController.php(308): CInlineAction->runWithParams()
#16 D:\open\OpenServer\domains\yii-framework\framework\web\CController.php(286): SiteController->runAction()
#17 D:\open\OpenServer\domains\yii-framework\framework\web\CController.php(265): SiteController->runActionWithFilters()
#18 D:\open\OpenServer\domains\yii-framework\framework\web\CWebApplication.php(282): SiteController->run()
#19 D:\open\OpenServer\domains\yii-framework\framework\web\CWebApplication.php(141): CWebApplication->runController()
#20 D:\open\OpenServer\domains\yii-framework\framework\base\CApplication.php(180): CWebApplication->processRequest()
#21 D:\open\OpenServer\domains\training-program\index.php(13): CWebApplication->run()
REQUEST_URI=/index.php?
in D:\open\OpenServer\domains\training-program\protected\extensions\bootstrap\helpers\TbHtml.php (3561)
in D:\open\OpenServer\domains\training-program\protected\views\layouts\main.php (27)
in D:\open\OpenServer\domains\training-program\protected\views\layouts\column1.php (6)
2014/08/10 23:06:25 [error] [php] include(TbArray.php) [<a href='function.include'>function.include</a>]: failed to open stream: No such file or directory (D:\open\OpenServer\domains\yii-framework\framework\YiiBase.php:427)
Stack trace:
#0 D:\open\OpenServer\domains\training-program\protected\extensions\bootstrap\helpers\TbHtml.php(3561): spl_autoload_call()
#1 D:\open\OpenServer\domains\training-program\protected\views\layouts\main.php(27): heroUnit()
#2 D:\open\OpenServer\domains\yii-framework\framework\web\CBaseController.php(126): require()
#3 D:\open\OpenServer\domains\yii-framework\framework\web\CBaseController.php(95): SiteController->renderInternal()
#4 D:\open\OpenServer\domains\yii-framework\framework\web\widgets\CContentDecorator.php(76): SiteController->renderFile()
#5 D:\open\OpenServer\domains\yii-framework\framework\web\widgets\CContentDecorator.php(54): CContentDecorator->decorate()
#6 D:\open\OpenServer\domains\yii-framework\framework\web\widgets\COutputProcessor.php(44): CContentDecorator->processOutput()
#7 D:\open\OpenServer\domains\yii-framework\framework\web\CBaseController.php(206): CContentDecorator->run()
#8 D:\open\OpenServer\domains\yii-framework\framework\web\CBaseController.php(300): SiteController->endWidget()
#9 D:\open\OpenServer\domains\training-program\protected\views\layouts\column1.php(6): SiteController->endContent()
#10 D:\open\OpenServer\domains\yii-framework\framework\web\CBaseController.php(126): require()
#11 D:\open\OpenServer\domains\yii-framework\framework\web\CBaseController.php(95): SiteController->renderInternal()
#12 D:\open\OpenServer\domains\yii-framework\framework\web\CController.php(784): SiteController->renderFile()
#13 D:\open\OpenServer\domains\training-program\protected\controllers\SiteController.php(32): SiteController->render()
#14 D:\open\OpenServer\domains\yii-framework\framework\web\actions\CInlineAction.php(49): SiteController->actionIndex()
#15 D:\open\OpenServer\domains\yii-framework\framework\web\CController.php(308): CInlineAction->runWithParams()
#16 D:\open\OpenServer\domains\yii-framework\framework\web\CController.php(286): SiteController->runAction()
#17 D:\open\OpenServer\domains\yii-framework\framework\web\CController.php(265): SiteController->runActionWithFilters()
#18 D:\open\OpenServer\domains\yii-framework\framework\web\CWebApplication.php(282): SiteController->run()
#19 D:\open\OpenServer\domains\yii-framework\framework\web\CWebApplication.php(141): CWebApplication->runController()
#20 D:\open\OpenServer\domains\yii-framework\framework\base\CApplication.php(180): CWebApplication->processRequest()
#21 D:\open\OpenServer\domains\training-program\index.php(13): CWebApplication->run()
REQUEST_URI=/index.php?
in D:\open\OpenServer\domains\training-program\protected\extensions\bootstrap\helpers\TbHtml.php (3561)
in D:\open\OpenServer\domains\training-program\protected\views\layouts\main.php (27)
in D:\open\OpenServer\domains\training-program\protected\views\layouts\column1.php (6)
2014/08/10 23:06:26 [error] [php] include(TbArray.php) [<a href='function.include'>function.include</a>]: failed to open stream: No such file or directory (D:\open\OpenServer\domains\yii-framework\framework\YiiBase.php:427)
Stack trace:
#0 D:\open\OpenServer\domains\training-program\protected\extensions\bootstrap\helpers\TbHtml.php(3561): spl_autoload_call()
#1 D:\open\OpenServer\domains\training-program\protected\views\layouts\main.php(27): heroUnit()
#2 D:\open\OpenServer\domains\yii-framework\framework\web\CBaseController.php(126): require()
#3 D:\open\OpenServer\domains\yii-framework\framework\web\CBaseController.php(95): SiteController->renderInternal()
#4 D:\open\OpenServer\domains\yii-framework\framework\web\widgets\CContentDecorator.php(76): SiteController->renderFile()
#5 D:\open\OpenServer\domains\yii-framework\framework\web\widgets\CContentDecorator.php(54): CContentDecorator->decorate()
#6 D:\open\OpenServer\domains\yii-framework\framework\web\widgets\COutputProcessor.php(44): CContentDecorator->processOutput()
#7 D:\open\OpenServer\domains\yii-framework\framework\web\CBaseController.php(206): CContentDecorator->run()
#8 D:\open\OpenServer\domains\yii-framework\framework\web\CBaseController.php(300): SiteController->endWidget()
#9 D:\open\OpenServer\domains\training-program\protected\views\layouts\column1.php(6): SiteController->endContent()
#10 D:\open\OpenServer\domains\yii-framework\framework\web\CBaseController.php(126): require()
#11 D:\open\OpenServer\domains\yii-framework\framework\web\CBaseController.php(95): SiteController->renderInternal()
#12 D:\open\OpenServer\domains\yii-framework\framework\web\CController.php(784): SiteController->renderFile()
#13 D:\open\OpenServer\domains\training-program\protected\controllers\SiteController.php(32): SiteController->render()
#14 D:\open\OpenServer\domains\yii-framework\framework\web\actions\CInlineAction.php(49): SiteController->actionIndex()
#15 D:\open\OpenServer\domains\yii-framework\framework\web\CController.php(308): CInlineAction->runWithParams()
#16 D:\open\OpenServer\domains\yii-framework\framework\web\CController.php(286): SiteController->runAction()
#17 D:\open\OpenServer\domains\yii-framework\framework\web\CController.php(265): SiteController->runActionWithFilters()
#18 D:\open\OpenServer\domains\yii-framework\framework\web\CWebApplication.php(282): SiteController->run()
#19 D:\open\OpenServer\domains\yii-framework\framework\web\CWebApplication.php(141): CWebApplication->runController()
#20 D:\open\OpenServer\domains\yii-framework\framework\base\CApplication.php(180): CWebApplication->processRequest()
#21 D:\open\OpenServer\domains\training-program\index.php(13): CWebApplication->run()
REQUEST_URI=/index.php?
in D:\open\OpenServer\domains\training-program\protected\extensions\bootstrap\helpers\TbHtml.php (3561)
in D:\open\OpenServer\domains\training-program\protected\views\layouts\main.php (27)
in D:\open\OpenServer\domains\training-program\protected\views\layouts\column1.php (6)
2014/08/10 23:06:26 [error] [php] include(TbArray.php) [<a href='function.include'>function.include</a>]: failed to open stream: No such file or directory (D:\open\OpenServer\domains\yii-framework\framework\YiiBase.php:427)
Stack trace:
#0 D:\open\OpenServer\domains\training-program\protected\extensions\bootstrap\helpers\TbHtml.php(3561): spl_autoload_call()
#1 D:\open\OpenServer\domains\training-program\protected\views\layouts\main.php(27): heroUnit()
#2 D:\open\OpenServer\domains\yii-framework\framework\web\CBaseController.php(126): require()
#3 D:\open\OpenServer\domains\yii-framework\framework\web\CBaseController.php(95): SiteController->renderInternal()
#4 D:\open\OpenServer\domains\yii-framework\framework\web\widgets\CContentDecorator.php(76): SiteController->renderFile()
#5 D:\open\OpenServer\domains\yii-framework\framework\web\widgets\CContentDecorator.php(54): CContentDecorator->decorate()
#6 D:\open\OpenServer\domains\yii-framework\framework\web\widgets\COutputProcessor.php(44): CContentDecorator->processOutput()
#7 D:\open\OpenServer\domains\yii-framework\framework\web\CBaseController.php(206): CContentDecorator->run()
#8 D:\open\OpenServer\domains\yii-framework\framework\web\CBaseController.php(300): SiteController->endWidget()
#9 D:\open\OpenServer\domains\training-program\protected\views\layouts\column1.php(6): SiteController->endContent()
#10 D:\open\OpenServer\domains\yii-framework\framework\web\CBaseController.php(126): require()
#11 D:\open\OpenServer\domains\yii-framework\framework\web\CBaseController.php(95): SiteController->renderInternal()
#12 D:\open\OpenServer\domains\yii-framework\framework\web\CController.php(784): SiteController->renderFile()
#13 D:\open\OpenServer\domains\training-program\protected\controllers\SiteController.php(32): SiteController->render()
#14 D:\open\OpenServer\domains\yii-framework\framework\web\actions\CInlineAction.php(49): SiteController->actionIndex()
#15 D:\open\OpenServer\domains\yii-framework\framework\web\CController.php(308): CInlineAction->runWithParams()
#16 D:\open\OpenServer\domains\yii-framework\framework\web\CController.php(286): SiteController->runAction()
#17 D:\open\OpenServer\domains\yii-framework\framework\web\CController.php(265): SiteController->runActionWithFilters()
#18 D:\open\OpenServer\domains\yii-framework\framework\web\CWebApplication.php(282): SiteController->run()
#19 D:\open\OpenServer\domains\yii-framework\framework\web\CWebApplication.php(141): CWebApplication->runController()
#20 D:\open\OpenServer\domains\yii-framework\framework\base\CApplication.php(180): CWebApplication->processRequest()
#21 D:\open\OpenServer\domains\training-program\index.php(13): CWebApplication->run()
REQUEST_URI=/index.php?
in D:\open\OpenServer\domains\training-program\protected\extensions\bootstrap\helpers\TbHtml.php (3561)
in D:\open\OpenServer\domains\training-program\protected\views\layouts\main.php (27)
in D:\open\OpenServer\domains\training-program\protected\views\layouts\column1.php (6)
2014/08/10 23:06:27 [error] [exception.CHttpException.404] exception 'CHttpException' with message 'Unable to resolve the request "admin/cExercises".' in D:\open\OpenServer\domains\yii-framework\framework\web\CWebApplication.php:286
Stack trace:
#0 D:\open\OpenServer\domains\yii-framework\framework\web\CWebApplication.php(141): CWebApplication->runController('admin/cExercise...')
#1 D:\open\OpenServer\domains\yii-framework\framework\base\CApplication.php(180): CWebApplication->processRequest()
#2 D:\open\OpenServer\domains\training-program\index.php(13): CApplication->run()
#3 {main}
REQUEST_URI=/index.php?r=admin/cExercises
HTTP_REFERER=http://training-program/index.php?r=gii/crud/index
---
2014/08/10 23:06:36 [error] [php] include(TbArray.php) [<a href='function.include'>function.include</a>]: failed to open stream: No such file or directory (D:\open\OpenServer\domains\yii-framework\framework\YiiBase.php:427)
Stack trace:
#0 D:\open\OpenServer\domains\training-program\protected\extensions\bootstrap\helpers\TbHtml.php(3561): spl_autoload_call()
#1 D:\open\OpenServer\domains\training-program\protected\views\layouts\main.php(27): heroUnit()
#2 D:\open\OpenServer\domains\yii-framework\framework\web\CBaseController.php(126): require()
#3 D:\open\OpenServer\domains\yii-framework\framework\web\CBaseController.php(95): SiteController->renderInternal()
#4 D:\open\OpenServer\domains\yii-framework\framework\web\widgets\CContentDecorator.php(76): SiteController->renderFile()
#5 D:\open\OpenServer\domains\yii-framework\framework\web\widgets\CContentDecorator.php(54): CContentDecorator->decorate()
#6 D:\open\OpenServer\domains\yii-framework\framework\web\widgets\COutputProcessor.php(44): CContentDecorator->processOutput()
#7 D:\open\OpenServer\domains\yii-framework\framework\web\CBaseController.php(206): CContentDecorator->run()
#8 D:\open\OpenServer\domains\yii-framework\framework\web\CBaseController.php(300): SiteController->endWidget()
#9 D:\open\OpenServer\domains\training-program\protected\views\layouts\column1.php(6): SiteController->endContent()
#10 D:\open\OpenServer\domains\yii-framework\framework\web\CBaseController.php(126): require()
#11 D:\open\OpenServer\domains\yii-framework\framework\web\CBaseController.php(95): SiteController->renderInternal()
#12 D:\open\OpenServer\domains\yii-framework\framework\web\CController.php(784): SiteController->renderFile()
#13 D:\open\OpenServer\domains\training-program\protected\controllers\SiteController.php(32): SiteController->render()
#14 D:\open\OpenServer\domains\yii-framework\framework\web\actions\CInlineAction.php(49): SiteController->actionIndex()
#15 D:\open\OpenServer\domains\yii-framework\framework\web\CController.php(308): CInlineAction->runWithParams()
#16 D:\open\OpenServer\domains\yii-framework\framework\web\CController.php(286): SiteController->runAction()
#17 D:\open\OpenServer\domains\yii-framework\framework\web\CController.php(265): SiteController->runActionWithFilters()
#18 D:\open\OpenServer\domains\yii-framework\framework\web\CWebApplication.php(282): SiteController->run()
#19 D:\open\OpenServer\domains\yii-framework\framework\web\CWebApplication.php(141): CWebApplication->runController()
#20 D:\open\OpenServer\domains\yii-framework\framework\base\CApplication.php(180): CWebApplication->processRequest()
#21 D:\open\OpenServer\domains\training-program\index.php(13): CWebApplication->run()
REQUEST_URI=/index.php?
in D:\open\OpenServer\domains\training-program\protected\extensions\bootstrap\helpers\TbHtml.php (3561)
in D:\open\OpenServer\domains\training-program\protected\views\layouts\main.php (27)
in D:\open\OpenServer\domains\training-program\protected\views\layouts\column1.php (6)
2014/08/10 23:07:09 [error] [php] include(TbArray.php) [<a href='function.include'>function.include</a>]: failed to open stream: No such file or directory (D:\open\OpenServer\domains\yii-framework\framework\YiiBase.php:427)
Stack trace:
#0 D:\open\OpenServer\domains\training-program\protected\extensions\bootstrap\helpers\TbHtml.php(3561): spl_autoload_call()
#1 D:\open\OpenServer\domains\training-program\protected\views\layouts\main.php(27): heroUnit()
#2 D:\open\OpenServer\domains\yii-framework\framework\web\CBaseController.php(126): require()
#3 D:\open\OpenServer\domains\yii-framework\framework\web\CBaseController.php(95): SiteController->renderInternal()
#4 D:\open\OpenServer\domains\yii-framework\framework\web\widgets\CContentDecorator.php(76): SiteController->renderFile()
#5 D:\open\OpenServer\domains\yii-framework\framework\web\widgets\CContentDecorator.php(54): CContentDecorator->decorate()
#6 D:\open\OpenServer\domains\yii-framework\framework\web\widgets\COutputProcessor.php(44): CContentDecorator->processOutput()
#7 D:\open\OpenServer\domains\yii-framework\framework\web\CBaseController.php(206): CContentDecorator->run()
#8 D:\open\OpenServer\domains\yii-framework\framework\web\CBaseController.php(300): SiteController->endWidget()
#9 D:\open\OpenServer\domains\training-program\protected\views\layouts\column1.php(6): SiteController->endContent()
#10 D:\open\OpenServer\domains\yii-framework\framework\web\CBaseController.php(126): require()
#11 D:\open\OpenServer\domains\yii-framework\framework\web\CBaseController.php(95): SiteController->renderInternal()
#12 D:\open\OpenServer\domains\yii-framework\framework\web\CController.php(784): SiteController->renderFile()
#13 D:\open\OpenServer\domains\training-program\protected\controllers\SiteController.php(32): SiteController->render()
#14 D:\open\OpenServer\domains\yii-framework\framework\web\actions\CInlineAction.php(49): SiteController->actionIndex()
#15 D:\open\OpenServer\domains\yii-framework\framework\web\CController.php(308): CInlineAction->runWithParams()
#16 D:\open\OpenServer\domains\yii-framework\framework\web\CController.php(286): SiteController->runAction()
#17 D:\open\OpenServer\domains\yii-framework\framework\web\CController.php(265): SiteController->runActionWithFilters()
#18 D:\open\OpenServer\domains\yii-framework\framework\web\CWebApplication.php(282): SiteController->run()
#19 D:\open\OpenServer\domains\yii-framework\framework\web\CWebApplication.php(141): CWebApplication->runController()
#20 D:\open\OpenServer\domains\yii-framework\framework\base\CApplication.php(180): CWebApplication->processRequest()
#21 D:\open\OpenServer\domains\training-program\index.php(13): CWebApplication->run()
REQUEST_URI=/index.php
in D:\open\OpenServer\domains\training-program\protected\extensions\bootstrap\helpers\TbHtml.php (3561)
in D:\open\OpenServer\domains\training-program\protected\views\layouts\main.php (27)
in D:\open\OpenServer\domains\training-program\protected\views\layouts\column1.php (6)
2014/08/10 23:08:48 [error] [php] include(TbArray.php) [<a href='function.include'>function.include</a>]: failed to open stream: No such file or directory (D:\open\OpenServer\domains\yii-framework\framework\YiiBase.php:427)
Stack trace:
#0 D:\open\OpenServer\domains\training-program\protected\extensions\bootstrap\helpers\TbHtml.php(3561): spl_autoload_call()
#1 D:\open\OpenServer\domains\training-program\protected\views\layouts\main.php(27): heroUnit()
#2 D:\open\OpenServer\domains\yii-framework\framework\web\CBaseController.php(126): require()
#3 D:\open\OpenServer\domains\yii-framework\framework\web\CBaseController.php(95): SiteController->renderInternal()
#4 D:\open\OpenServer\domains\yii-framework\framework\web\widgets\CContentDecorator.php(76): SiteController->renderFile()
#5 D:\open\OpenServer\domains\yii-framework\framework\web\widgets\CContentDecorator.php(54): CContentDecorator->decorate()
#6 D:\open\OpenServer\domains\yii-framework\framework\web\widgets\COutputProcessor.php(44): CContentDecorator->processOutput()
#7 D:\open\OpenServer\domains\yii-framework\framework\web\CBaseController.php(206): CContentDecorator->run()
#8 D:\open\OpenServer\domains\yii-framework\framework\web\CBaseController.php(300): SiteController->endWidget()
#9 D:\open\OpenServer\domains\training-program\protected\views\layouts\column1.php(6): SiteController->endContent()
#10 D:\open\OpenServer\domains\yii-framework\framework\web\CBaseController.php(126): require()
#11 D:\open\OpenServer\domains\yii-framework\framework\web\CBaseController.php(95): SiteController->renderInternal()
#12 D:\open\OpenServer\domains\yii-framework\framework\web\CController.php(784): SiteController->renderFile()
#13 D:\open\OpenServer\domains\training-program\protected\controllers\SiteController.php(32): SiteController->render()
#14 D:\open\OpenServer\domains\yii-framework\framework\web\actions\CInlineAction.php(49): SiteController->actionIndex()
#15 D:\open\OpenServer\domains\yii-framework\framework\web\CController.php(308): CInlineAction->runWithParams()
#16 D:\open\OpenServer\domains\yii-framework\framework\web\CController.php(286): SiteController->runAction()
#17 D:\open\OpenServer\domains\yii-framework\framework\web\CController.php(265): SiteController->runActionWithFilters()
#18 D:\open\OpenServer\domains\yii-framework\framework\web\CWebApplication.php(282): SiteController->run()
#19 D:\open\OpenServer\domains\yii-framework\framework\web\CWebApplication.php(141): CWebApplication->runController()
#20 D:\open\OpenServer\domains\yii-framework\framework\base\CApplication.php(180): CWebApplication->processRequest()
#21 D:\open\OpenServer\domains\training-program\index.php(13): CWebApplication->run()
REQUEST_URI=/index.php
in D:\open\OpenServer\domains\training-program\protected\extensions\bootstrap\helpers\TbHtml.php (3561)
in D:\open\OpenServer\domains\training-program\protected\views\layouts\main.php (27)
in D:\open\OpenServer\domains\training-program\protected\views\layouts\column1.php (6)
2014/08/10 23:10:55 [error] [php] include(TbArray.php) [<a href='function.include'>function.include</a>]: failed to open stream: No such file or directory (D:\open\OpenServer\domains\yii-framework\framework\YiiBase.php:427)
Stack trace:
#0 D:\open\OpenServer\domains\training-program\protected\extensions\bootstrap\helpers\TbHtml.php(3561): spl_autoload_call()
#1 D:\open\OpenServer\domains\training-program\protected\views\layouts\main.php(28): heroUnit()
#2 D:\open\OpenServer\domains\yii-framework\framework\web\CBaseController.php(126): require()
#3 D:\open\OpenServer\domains\yii-framework\framework\web\CBaseController.php(95): SiteController->renderInternal()
#4 D:\open\OpenServer\domains\yii-framework\framework\web\widgets\CContentDecorator.php(76): SiteController->renderFile()
#5 D:\open\OpenServer\domains\yii-framework\framework\web\widgets\CContentDecorator.php(54): CContentDecorator->decorate()
#6 D:\open\OpenServer\domains\yii-framework\framework\web\widgets\COutputProcessor.php(44): CContentDecorator->processOutput()
#7 D:\open\OpenServer\domains\yii-framework\framework\web\CBaseController.php(206): CContentDecorator->run()
#8 D:\open\OpenServer\domains\yii-framework\framework\web\CBaseController.php(300): SiteController->endWidget()
#9 D:\open\OpenServer\domains\training-program\protected\views\layouts\column1.php(6): SiteController->endContent()
#10 D:\open\OpenServer\domains\yii-framework\framework\web\CBaseController.php(126): require()
#11 D:\open\OpenServer\domains\yii-framework\framework\web\CBaseController.php(95): SiteController->renderInternal()
#12 D:\open\OpenServer\domains\yii-framework\framework\web\CController.php(784): SiteController->renderFile()
#13 D:\open\OpenServer\domains\training-program\protected\controllers\SiteController.php(32): SiteController->render()
#14 D:\open\OpenServer\domains\yii-framework\framework\web\actions\CInlineAction.php(49): SiteController->actionIndex()
#15 D:\open\OpenServer\domains\yii-framework\framework\web\CController.php(308): CInlineAction->runWithParams()
#16 D:\open\OpenServer\domains\yii-framework\framework\web\CController.php(286): SiteController->runAction()
#17 D:\open\OpenServer\domains\yii-framework\framework\web\CController.php(265): SiteController->runActionWithFilters()
#18 D:\open\OpenServer\domains\yii-framework\framework\web\CWebApplication.php(282): SiteController->run()
#19 D:\open\OpenServer\domains\yii-framework\framework\web\CWebApplication.php(141): CWebApplication->runController()
#20 D:\open\OpenServer\domains\yii-framework\framework\base\CApplication.php(180): CWebApplication->processRequest()
#21 D:\open\OpenServer\domains\training-program\index.php(13): CWebApplication->run()
REQUEST_URI=/index.php?
in D:\open\OpenServer\domains\training-program\protected\extensions\bootstrap\helpers\TbHtml.php (3561)
in D:\open\OpenServer\domains\training-program\protected\views\layouts\main.php (28)
in D:\open\OpenServer\domains\training-program\protected\views\layouts\column1.php (6)
2014/08/10 23:10:57 [error] [php] include(TbArray.php) [<a href='function.include'>function.include</a>]: failed to open stream: No such file or directory (D:\open\OpenServer\domains\yii-framework\framework\YiiBase.php:427)
Stack trace:
#0 D:\open\OpenServer\domains\training-program\protected\extensions\bootstrap\helpers\TbHtml.php(3561): spl_autoload_call()
#1 D:\open\OpenServer\domains\training-program\protected\views\layouts\main.php(28): heroUnit()
#2 D:\open\OpenServer\domains\yii-framework\framework\web\CBaseController.php(126): require()
#3 D:\open\OpenServer\domains\yii-framework\framework\web\CBaseController.php(95): SiteController->renderInternal()
#4 D:\open\OpenServer\domains\yii-framework\framework\web\widgets\CContentDecorator.php(76): SiteController->renderFile()
#5 D:\open\OpenServer\domains\yii-framework\framework\web\widgets\CContentDecorator.php(54): CContentDecorator->decorate()
#6 D:\open\OpenServer\domains\yii-framework\framework\web\widgets\COutputProcessor.php(44): CContentDecorator->processOutput()
#7 D:\open\OpenServer\domains\yii-framework\framework\web\CBaseController.php(206): CContentDecorator->run()
#8 D:\open\OpenServer\domains\yii-framework\framework\web\CBaseController.php(300): SiteController->endWidget()
#9 D:\open\OpenServer\domains\training-program\protected\views\layouts\column1.php(6): SiteController->endContent()
#10 D:\open\OpenServer\domains\yii-framework\framework\web\CBaseController.php(126): require()
#11 D:\open\OpenServer\domains\yii-framework\framework\web\CBaseController.php(95): SiteController->renderInternal()
#12 D:\open\OpenServer\domains\yii-framework\framework\web\CController.php(784): SiteController->renderFile()
#13 D:\open\OpenServer\domains\training-program\protected\controllers\SiteController.php(32): SiteController->render()
#14 D:\open\OpenServer\domains\yii-framework\framework\web\actions\CInlineAction.php(49): SiteController->actionIndex()
#15 D:\open\OpenServer\domains\yii-framework\framework\web\CController.php(308): CInlineAction->runWithParams()
#16 D:\open\OpenServer\domains\yii-framework\framework\web\CController.php(286): SiteController->runAction()
#17 D:\open\OpenServer\domains\yii-framework\framework\web\CController.php(265): SiteController->runActionWithFilters()
#18 D:\open\OpenServer\domains\yii-framework\framework\web\CWebApplication.php(282): SiteController->run()
#19 D:\open\OpenServer\domains\yii-framework\framework\web\CWebApplication.php(141): CWebApplication->runController()
#20 D:\open\OpenServer\domains\yii-framework\framework\base\CApplication.php(180): CWebApplication->processRequest()
#21 D:\open\OpenServer\domains\training-program\index.php(13): CWebApplication->run()
REQUEST_URI=/index.php
in D:\open\OpenServer\domains\training-program\protected\extensions\bootstrap\helpers\TbHtml.php (3561)
in D:\open\OpenServer\domains\training-program\protected\views\layouts\main.php (28)
in D:\open\OpenServer\domains\training-program\protected\views\layouts\column1.php (6)
